<?xml version="1.0" encoding="UTF-8"?>
<testsuite xmlns:xsi="http://www.w3.org/2001/XMLSchema-instance" xsi:noNamespaceSchemaLocation="https://maven.apache.org/surefire/maven-surefire-plugin/xsd/surefire-test-report-3.0.xsd" version="3.0" name="superoffers.util.jsonserializers.InstantAdapterTest" time="0.044" tests="2" errors="0" skipped="0" failures="0">
  <properties>
    <property name="java.specification.version" value="19"/>
    <property name="sun.jnu.encoding" value="UTF-8"/>
    <property name="java.class.path" value="/Users/daniel/superoffers/backend/superoffers-app/core/target/test-classes:/Users/daniel/superoffers/backend/superoffers-app/core/target/classes:/Users/daniel/.m2/repository/com/amazonaws/aws-lambda-java-core/1.2.1/aws-lambda-java-core-1.2.1.jar:/Users/daniel/.m2/repository/com/amazonaws/aws-lambda-java-events/3.11.0/aws-lambda-java-events-3.11.0.jar:/Users/daniel/.m2/repository/joda-time/joda-time/2.6/joda-time-2.6.jar:/Users/daniel/.m2/repository/junit/junit/4.13.2/junit-4.13.2.jar:/Users/daniel/.m2/repository/org/hamcrest/hamcrest-core/1.3/hamcrest-core-1.3.jar:/Users/daniel/.m2/repository/org/junit/jupiter/junit-jupiter-api/5.8.2/junit-jupiter-api-5.8.2.jar:/Users/daniel/.m2/repository/org/opentest4j/opentest4j/1.2.0/opentest4j-1.2.0.jar:/Users/daniel/.m2/repository/org/junit/platform/junit-platform-commons/1.8.2/junit-platform-commons-1.8.2.jar:/Users/daniel/.m2/repository/org/apiguardian/apiguardian-api/1.1.2/apiguardian-api-1.1.2.jar:/Users/daniel/.m2/repository/org/junit/jupiter/junit-jupiter-engine/5.8.2/junit-jupiter-engine-5.8.2.jar:/Users/daniel/.m2/repository/org/junit/platform/junit-platform-engine/1.8.2/junit-platform-engine-1.8.2.jar:/Users/daniel/.m2/repository/com/amazonaws/aws-lambda-java-tests/1.1.1/aws-lambda-java-tests-1.1.1.jar:/Users/daniel/.m2/repository/com/amazonaws/aws-lambda-java-serialization/1.0.0/aws-lambda-java-serialization-1.0.0.jar:/Users/daniel/.m2/repository/org/junit/jupiter/junit-jupiter-params/5.7.0/junit-jupiter-params-5.7.0.jar:/Users/daniel/.m2/repository/org/apache/commons/commons-lang3/3.11/commons-lang3-3.11.jar:/Users/daniel/.m2/repository/com/google/code/gson/gson/2.10.1/gson-2.10.1.jar:/Users/daniel/.m2/repository/org/mockito/mockito-core/5.1.1/mockito-core-5.1.1.jar:/Users/daniel/.m2/repository/net/bytebuddy/byte-buddy/1.12.22/byte-buddy-1.12.22.jar:/Users/daniel/.m2/repository/net/bytebuddy/byte-buddy-agent/1.12.22/byte-buddy-agent-1.12.22.jar:/Users/daniel/.m2/repository/org/objenesis/objenesis/3.3/objenesis-3.3.jar:/Users/daniel/.m2/repository/org/mockito/mockito-junit-jupiter/5.1.1/mockito-junit-jupiter-5.1.1.jar:/Users/daniel/.m2/repository/software/amazon/awssdk/dynamodb/2.20.8/dynamodb-2.20.8.jar:/Users/daniel/.m2/repository/software/amazon/awssdk/aws-json-protocol/2.20.8/aws-json-protocol-2.20.8.jar:/Users/daniel/.m2/repository/software/amazon/awssdk/third-party-jackson-core/2.20.8/third-party-jackson-core-2.20.8.jar:/Users/daniel/.m2/repository/software/amazon/awssdk/protocol-core/2.20.8/protocol-core-2.20.8.jar:/Users/daniel/.m2/repository/software/amazon/awssdk/profiles/2.20.8/profiles-2.20.8.jar:/Users/daniel/.m2/repository/software/amazon/awssdk/sdk-core/2.20.8/sdk-core-2.20.8.jar:/Users/daniel/.m2/repository/org/slf4j/slf4j-api/1.7.30/slf4j-api-1.7.30.jar:/Users/daniel/.m2/repository/org/reactivestreams/reactive-streams/1.0.3/reactive-streams-1.0.3.jar:/Users/daniel/.m2/repository/software/amazon/awssdk/auth/2.20.8/auth-2.20.8.jar:/Users/daniel/.m2/repository/software/amazon/eventstream/eventstream/1.0.1/eventstream-1.0.1.jar:/Users/daniel/.m2/repository/software/amazon/awssdk/http-client-spi/2.20.8/http-client-spi-2.20.8.jar:/Users/daniel/.m2/repository/software/amazon/awssdk/regions/2.20.8/regions-2.20.8.jar:/Users/daniel/.m2/repository/software/amazon/awssdk/annotations/2.20.8/annotations-2.20.8.jar:/Users/daniel/.m2/repository/software/amazon/awssdk/utils/2.20.8/utils-2.20.8.jar:/Users/daniel/.m2/repository/software/amazon/awssdk/aws-core/2.20.8/aws-core-2.20.8.jar:/Users/daniel/.m2/repository/software/amazon/awssdk/metrics-spi/2.20.8/metrics-spi-2.20.8.jar:/Users/daniel/.m2/repository/software/amazon/awssdk/json-utils/2.20.8/json-utils-2.20.8.jar:/Users/daniel/.m2/repository/software/amazon/awssdk/endpoints-spi/2.20.8/endpoints-spi-2.20.8.jar:/Users/daniel/.m2/repository/software/amazon/awssdk/apache-client/2.20.8/apache-client-2.20.8.jar:/Users/daniel/.m2/repository/org/apache/httpcomponents/httpclient/4.5.13/httpclient-4.5.13.jar:/Users/daniel/.m2/repository/commons-logging/commons-logging/1.2/commons-logging-1.2.jar:/Users/daniel/.m2/repository/org/apache/httpcomponents/httpcore/4.4.13/httpcore-4.4.13.jar:/Users/daniel/.m2/repository/commons-codec/commons-codec/1.15/commons-codec-1.15.jar:/Users/daniel/.m2/repository/software/amazon/awssdk/netty-nio-client/2.20.8/netty-nio-client-2.20.8.jar:/Users/daniel/.m2/repository/io/netty/netty-codec-http/4.1.86.Final/netty-codec-http-4.1.86.Final.jar:/Users/daniel/.m2/repository/io/netty/netty-codec-http2/4.1.86.Final/netty-codec-http2-4.1.86.Final.jar:/Users/daniel/.m2/repository/io/netty/netty-codec/4.1.86.Final/netty-codec-4.1.86.Final.jar:/Users/daniel/.m2/repository/io/netty/netty-transport/4.1.86.Final/netty-transport-4.1.86.Final.jar:/Users/daniel/.m2/repository/io/netty/netty-resolver/4.1.86.Final/netty-resolver-4.1.86.Final.jar:/Users/daniel/.m2/repository/io/netty/netty-common/4.1.86.Final/netty-common-4.1.86.Final.jar:/Users/daniel/.m2/repository/io/netty/netty-buffer/4.1.86.Final/netty-buffer-4.1.86.Final.jar:/Users/daniel/.m2/repository/io/netty/netty-handler/4.1.86.Final/netty-handler-4.1.86.Final.jar:/Users/daniel/.m2/repository/io/netty/netty-transport-native-unix-common/4.1.86.Final/netty-transport-native-unix-common-4.1.86.Final.jar:/Users/daniel/.m2/repository/io/netty/netty-transport-classes-epoll/4.1.86.Final/netty-transport-classes-epoll-4.1.86.Final.jar:/Users/daniel/.m2/repository/software/amazon/awssdk/dynamodb-enhanced/2.20.8/dynamodb-enhanced-2.20.8.jar:/Users/daniel/.m2/repository/com/fasterxml/jackson/core/jackson-databind/2.14.2/jackson-databind-2.14.2.jar:/Users/daniel/.m2/repository/com/fasterxml/jackson/core/jackson-annotations/2.14.2/jackson-annotations-2.14.2.jar:/Users/daniel/.m2/repository/com/fasterxml/jackson/core/jackson-core/2.14.2/jackson-core-2.14.2.jar:"/>
    <property name="java.vm.vendor" value="Homebrew"/>
    <property name="sun.arch.data.model" value="64"/>
    <property name="java.vendor.url" value="https://github.com/Homebrew/homebrew-core/issues"/>
    <property name="os.name" value="Mac OS X"/>
    <property name="java.vm.specification.version" value="19"/>
    <property name="sun.java.launcher" value="SUN_STANDARD"/>
    <property name="user.country" value="BR"/>
    <property name="sun.boot.library.path" value="/opt/homebrew/Cellar/openjdk/19.0.2/libexec/openjdk.jdk/Contents/Home/lib"/>
    <property name="sun.java.command" value="/Users/daniel/superoffers/backend/superoffers-app/core/target/surefire/surefirebooter-20230430165154538_3.jar /Users/daniel/superoffers/backend/superoffers-app/core/target/surefire 2023-04-30T16-51-54_419-jvmRun1 surefire-20230430165154538_1tmp surefire_0-20230430165154538_2tmp"/>
    <property name="http.nonProxyHosts" value="local|*.local|169.254/16|*.169.254/16"/>
    <property name="jdk.debug" value="release"/>
    <property name="surefire.test.class.path" value="/Users/daniel/superoffers/backend/superoffers-app/core/target/test-classes:/Users/daniel/superoffers/backend/superoffers-app/core/target/classes:/Users/daniel/.m2/repository/com/amazonaws/aws-lambda-java-core/1.2.1/aws-lambda-java-core-1.2.1.jar:/Users/daniel/.m2/repository/com/amazonaws/aws-lambda-java-events/3.11.0/aws-lambda-java-events-3.11.0.jar:/Users/daniel/.m2/repository/joda-time/joda-time/2.6/joda-time-2.6.jar:/Users/daniel/.m2/repository/junit/junit/4.13.2/junit-4.13.2.jar:/Users/daniel/.m2/repository/org/hamcrest/hamcrest-core/1.3/hamcrest-core-1.3.jar:/Users/daniel/.m2/repository/org/junit/jupiter/junit-jupiter-api/5.8.2/junit-jupiter-api-5.8.2.jar:/Users/daniel/.m2/repository/org/opentest4j/opentest4j/1.2.0/opentest4j-1.2.0.jar:/Users/daniel/.m2/repository/org/junit/platform/junit-platform-commons/1.8.2/junit-platform-commons-1.8.2.jar:/Users/daniel/.m2/repository/org/apiguardian/apiguardian-api/1.1.2/apiguardian-api-1.1.2.jar:/Users/daniel/.m2/repository/org/junit/jupiter/junit-jupiter-engine/5.8.2/junit-jupiter-engine-5.8.2.jar:/Users/daniel/.m2/repository/org/junit/platform/junit-platform-engine/1.8.2/junit-platform-engine-1.8.2.jar:/Users/daniel/.m2/repository/com/amazonaws/aws-lambda-java-tests/1.1.1/aws-lambda-java-tests-1.1.1.jar:/Users/daniel/.m2/repository/com/amazonaws/aws-lambda-java-serialization/1.0.0/aws-lambda-java-serialization-1.0.0.jar:/Users/daniel/.m2/repository/org/junit/jupiter/junit-jupiter-params/5.7.0/junit-jupiter-params-5.7.0.jar:/Users/daniel/.m2/repository/org/apache/commons/commons-lang3/3.11/commons-lang3-3.11.jar:/Users/daniel/.m2/repository/com/google/code/gson/gson/2.10.1/gson-2.10.1.jar:/Users/daniel/.m2/repository/org/mockito/mockito-core/5.1.1/mockito-core-5.1.1.jar:/Users/daniel/.m2/repository/net/bytebuddy/byte-buddy/1.12.22/byte-buddy-1.12.22.jar:/Users/daniel/.m2/repository/net/bytebuddy/byte-buddy-agent/1.12.22/byte-buddy-agent-1.12.22.jar:/Users/daniel/.m2/repository/org/objenesis/objenesis/3.3/objenesis-3.3.jar:/Users/daniel/.m2/repository/org/mockito/mockito-junit-jupiter/5.1.1/mockito-junit-jupiter-5.1.1.jar:/Users/daniel/.m2/repository/software/amazon/awssdk/dynamodb/2.20.8/dynamodb-2.20.8.jar:/Users/daniel/.m2/repository/software/amazon/awssdk/aws-json-protocol/2.20.8/aws-json-protocol-2.20.8.jar:/Users/daniel/.m2/repository/software/amazon/awssdk/third-party-jackson-core/2.20.8/third-party-jackson-core-2.20.8.jar:/Users/daniel/.m2/repository/software/amazon/awssdk/protocol-core/2.20.8/protocol-core-2.20.8.jar:/Users/daniel/.m2/repository/software/amazon/awssdk/profiles/2.20.8/profiles-2.20.8.jar:/Users/daniel/.m2/repository/software/amazon/awssdk/sdk-core/2.20.8/sdk-core-2.20.8.jar:/Users/daniel/.m2/repository/org/slf4j/slf4j-api/1.7.30/slf4j-api-1.7.30.jar:/Users/daniel/.m2/repository/org/reactivestreams/reactive-streams/1.0.3/reactive-streams-1.0.3.jar:/Users/daniel/.m2/repository/software/amazon/awssdk/auth/2.20.8/auth-2.20.8.jar:/Users/daniel/.m2/repository/software/amazon/eventstream/eventstream/1.0.1/eventstream-1.0.1.jar:/Users/daniel/.m2/repository/software/amazon/awssdk/http-client-spi/2.20.8/http-client-spi-2.20.8.jar:/Users/daniel/.m2/repository/software/amazon/awssdk/regions/2.20.8/regions-2.20.8.jar:/Users/daniel/.m2/repository/software/amazon/awssdk/annotations/2.20.8/annotations-2.20.8.jar:/Users/daniel/.m2/repository/software/amazon/awssdk/utils/2.20.8/utils-2.20.8.jar:/Users/daniel/.m2/repository/software/amazon/awssdk/aws-core/2.20.8/aws-core-2.20.8.jar:/Users/daniel/.m2/repository/software/amazon/awssdk/metrics-spi/2.20.8/metrics-spi-2.20.8.jar:/Users/daniel/.m2/repository/software/amazon/awssdk/json-utils/2.20.8/json-utils-2.20.8.jar:/Users/daniel/.m2/repository/software/amazon/awssdk/endpoints-spi/2.20.8/endpoints-spi-2.20.8.jar:/Users/daniel/.m2/repository/software/amazon/awssdk/apache-client/2.20.8/apache-client-2.20.8.jar:/Users/daniel/.m2/repository/org/apache/httpcomponents/httpclient/4.5.13/httpclient-4.5.13.jar:/Users/daniel/.m2/repository/commons-logging/commons-logging/1.2/commons-logging-1.2.jar:/Users/daniel/.m2/repository/org/apache/httpcomponents/httpcore/4.4.13/httpcore-4.4.13.jar:/Users/daniel/.m2/repository/commons-codec/commons-codec/1.15/commons-codec-1.15.jar:/Users/daniel/.m2/repository/software/amazon/awssdk/netty-nio-client/2.20.8/netty-nio-client-2.20.8.jar:/Users/daniel/.m2/repository/io/netty/netty-codec-http/4.1.86.Final/netty-codec-http-4.1.86.Final.jar:/Users/daniel/.m2/repository/io/netty/netty-codec-http2/4.1.86.Final/netty-codec-http2-4.1.86.Final.jar:/Users/daniel/.m2/repository/io/netty/netty-codec/4.1.86.Final/netty-codec-4.1.86.Final.jar:/Users/daniel/.m2/repository/io/netty/netty-transport/4.1.86.Final/netty-transport-4.1.86.Final.jar:/Users/daniel/.m2/repository/io/netty/netty-resolver/4.1.86.Final/netty-resolver-4.1.86.Final.jar:/Users/daniel/.m2/repository/io/netty/netty-common/4.1.86.Final/netty-common-4.1.86.Final.jar:/Users/daniel/.m2/repository/io/netty/netty-buffer/4.1.86.Final/netty-buffer-4.1.86.Final.jar:/Users/daniel/.m2/repository/io/netty/netty-handler/4.1.86.Final/netty-handler-4.1.86.Final.jar:/Users/daniel/.m2/repository/io/netty/netty-transport-native-unix-common/4.1.86.Final/netty-transport-native-unix-common-4.1.86.Final.jar:/Users/daniel/.m2/repository/io/netty/netty-transport-classes-epoll/4.1.86.Final/netty-transport-classes-epoll-4.1.86.Final.jar:/Users/daniel/.m2/repository/software/amazon/awssdk/dynamodb-enhanced/2.20.8/dynamodb-enhanced-2.20.8.jar:/Users/daniel/.m2/repository/com/fasterxml/jackson/core/jackson-databind/2.14.2/jackson-databind-2.14.2.jar:/Users/daniel/.m2/repository/com/fasterxml/jackson/core/jackson-annotations/2.14.2/jackson-annotations-2.14.2.jar:/Users/daniel/.m2/repository/com/fasterxml/jackson/core/jackson-core/2.14.2/jackson-core-2.14.2.jar:"/>
    <property name="sun.cpu.endian" value="little"/>
    <property name="user.home" value="/Users/daniel"/>
    <property name="user.language" value="en"/>
    <property name="java.specification.vendor" value="Oracle Corporation"/>
    <property name="java.version.date" value="2023-01-17"/>
    <property name="java.home" value="/opt/homebrew/Cellar/openjdk/19.0.2/libexec/openjdk.jdk/Contents/Home"/>
    <property name="file.separator" value="/"/>
    <property name="basedir" value="/Users/daniel/superoffers/backend/superoffers-app/core"/>
    <property name="java.vm.compressedOopsMode" value="Zero based"/>
    <property name="line.separator" value="&#10;"/>
    <property name="java.vm.specification.vendor" value="Oracle Corporation"/>
    <property name="java.specification.name" value="Java Platform API Specification"/>
    <property name="apple.awt.application.name" value="ForkedBooter"/>
    <property name="surefire.real.class.path" value="/Users/daniel/superoffers/backend/superoffers-app/core/target/surefire/surefirebooter-20230430165154538_3.jar"/>
    <property name="sun.management.compiler" value="HotSpot 64-Bit Tiered Compilers"/>
    <property name="ftp.nonProxyHosts" value="local|*.local|169.254/16|*.169.254/16"/>
    <property name="java.runtime.version" value="19.0.2"/>
    <property name="user.name" value="daniel"/>
    <property name="stdout.encoding" value="UTF-8"/>
    <property name="path.separator" value=":"/>
    <property name="os.version" value="13.2.1"/>
    <property name="java.runtime.name" value="OpenJDK Runtime Environment"/>
    <property name="file.encoding" value="UTF-8"/>
    <property name="java.vm.name" value="OpenJDK 64-Bit Server VM"/>
    <property name="java.vendor.version" value="Homebrew"/>
    <property name="localRepository" value="/Users/daniel/.m2/repository"/>
    <property name="java.vendor.url.bug" value="https://github.com/Homebrew/homebrew-core/issues"/>
    <property name="java.io.tmpdir" value="/var/folders/4w/_l4y3gp11_v7jlv5spyjgp_h0000gn/T/"/>
    <property name="java.version" value="19.0.2"/>
    <property name="user.dir" value="/Users/daniel/superoffers/backend/superoffers-app/core"/>
    <property name="os.arch" value="aarch64"/>
    <property name="java.vm.specification.name" value="Java Virtual Machine Specification"/>
    <property name="native.encoding" value="UTF-8"/>
    <property name="java.library.path" value="/Users/daniel/Library/Java/Extensions:/Library/Java/Extensions:/Network/Library/Java/Extensions:/System/Library/Java/Extensions:/usr/lib/java:."/>
    <property name="java.vm.info" value="mixed mode, sharing"/>
    <property name="stderr.encoding" value="UTF-8"/>
    <property name="java.vendor" value="Homebrew"/>
    <property name="java.vm.version" value="19.0.2"/>
    <property name="sun.io.unicode.encoding" value="UnicodeBig"/>
    <property name="socksNonProxyHosts" value="local|*.local|169.254/16|*.169.254/16"/>
    <property name="java.class.version" value="63.0"/>
  </properties>
  <testcase name="it_should_serialize_and_deserialize_an_instant_date_given_a_valid_date_string_format" classname="superoffers.util.jsonserializers.InstantAdapterTest" time="0.034"/>
  <testcase name="it_should_throw_an_exception_given_an_invalid_date_string_format" classname="superoffers.util.jsonserializers.InstantAdapterTest" time="0.002"/>
</testsuite>